#
# There is insufficient memory for the Java Runtime Environment to continue.
# Native memory allocation (mmap) failed to map 266338304 bytes for G1 virtual space
# Possible reasons:
#   The system is out of physical RAM or swap space
#   The process is running with CompressedOops enabled, and the Java Heap may be blocking the growth of the native heap
# Possible solutions:
#   Reduce memory load on the system
#   Increase physical memory or swap space
#   Check if swap backing store is full
#   Decrease Java heap size (-Xmx/-Xms)
#   Decrease number of Java threads
#   Decrease Java thread stack sizes (-Xss)
#   Set larger code cache with -XX:ReservedCodeCacheSize=
#   JVM is running with Zero Based Compressed Oops mode in which the Java heap is
#     placed in the first 32GB address space. The Java Heap base address is the
#     maximum limit for the native heap growth. Please use -XX:HeapBaseMinAddress
#     to set the Java Heap base and to place the Java Heap above 32GB virtual address.
# This output file may be truncated or incomplete.
#
#  Out of Memory Error (os_windows.cpp:3532), pid=29884, tid=34184
#
# JRE version:  (17.0.2+8) (build )
# Java VM: OpenJDK 64-Bit Server VM (17.0.2+8-86, mixed mode, sharing, tiered, compressed oops, compressed class ptrs, g1 gc, windows-amd64)
# No core dump will be written. Minidumps are not enabled by default on client versions of Windows
#

---------------  S U M M A R Y ------------

Command Line: -javaagent:C:\Users\kiivw\AppData\Local\JetBrains\Toolbox\apps\IDEA-U\ch-0\222.4167.29\lib\idea_rt.jar=53538:C:\Users\kiivw\AppData\Local\JetBrains\Toolbox\apps\IDEA-U\ch-0\222.4167.29\bin -Dfile.encoding=UTF-8 --module-path=C:\Users\kiivw\.m2\repository\org\openjfx\javafx-graphics\17.0.2\javafx-graphics-17.0.2-win.jar;C:\Users\kiivw\.m2\repository\org\openjfx\javafx-fxml\17.0.2\javafx-fxml-17.0.2-win.jar;C:\Users\kiivw\.m2\repository\org\openjfx\javafx-base\17.0.2\javafx-base-17.0.2-win.jar;C:\Users\kiivw\OneDrive\Poèítaè\FIIT STU\LS_22-23\OOP\StarHike\target\classes;C:\Users\kiivw\.m2\repository\org\openjfx\javafx-controls\17.0.2\javafx-controls-17.0.2-win.jar -Djdk.module.main=com.example.starhike com.example.starhike/com.example.starhike.HelloApplication

Host: AMD Ryzen 7 5800H with Radeon Graphics         , 16 cores, 15G,  Windows 11 , 64 bit Build 22621 (10.0.22621.1635)
Time: Sun May 14 19:32:03 2023 Stredoeurópsky 4 bit Build 22621 (10.0.22621.1635) elapsed time: 0.009737 seconds (0d 0h 0m 0s)

---------------  T H R E A D  ---------------

Current thread (0x000001e7853d9ba0):  JavaThread "Unknown thread" [_thread_in_vm, id=34184, stack(0x0000003435500000,0x0000003435600000)]

Stack: [0x0000003435500000,0x0000003435600000]
Native frames: (J=compiled Java code, j=interpreted, Vv=VM code, C=native code)
V  [jvm.dll+0x670baa]
V  [jvm.dll+0x7cfcb4]
V  [jvm.dll+0x7d145e]
V  [jvm.dll+0x7d1ac3]
V  [jvm.dll+0x242bc5]
V  [jvm.dll+0x66dac9]
V  [jvm.dll+0x662412]
V  [jvm.dll+0x300c0b]
V  [jvm.dll+0x3081a6]
V  [jvm.dll+0x357d0e]
V  [jvm.dll+0x357f3f]
V  [jvm.dll+0x2d7ec8]
V  [jvm.dll+0x2d8e34]
V  [jvm.dll+0x7a18c1]
V  [jvm.dll+0x365a91]
V  [jvm.dll+0x780d2c]
V  [jvm.dll+0x3e845f]
V  [jvm.dll+0x3e9f01]
C  [jli.dll+0x527b]
C  [ucrtbase.dll+0x29363]
C  [KERNEL32.DLL+0x126ad]
C  [ntdll.dll+0x5a9f8]


---------------  P R O C E S S  ---------------

Threads class SMR info:
_java_thread_list=0x00007ffaa0899858, length=0, elements={
}

Java Threads: ( => current thread )

Other Threads:
  0x000001e78542a080 GCTaskThread "GC Thread#0" [stack: 0x0000003435600000,0x0000003435700000] [id=36920]
  0x000001e78543aee0 ConcurrentGCThread "G1 Main Marker" [stack: 0x0000003435700000,0x0000003435800000] [id=31208]
  0x000001e78543b8f0 ConcurrentGCThread "G1 Conc#0" [stack: 0x0000003435800000,0x0000003435900000] [id=29660]

[error occurred during error reporting (printing all threads), id 0xc0000005, EXCEPTION_ACCESS_VIOLATION (0xc0000005) at pc=0x00007ffaa00e88a7]

VM state: not at safepoint (not fully initialized)

VM Mutex/Monitor currently owned by a thread:  ([mutex/lock_event])
[0x000001e7853d4c00] Heap_lock - owner thread: 0x000001e7853d9ba0

Heap address: 0x0000000702400000, size: 4060 MB, Compressed Oops mode: Zero based, Oop shift amount: 3

CDS archive(s) mapped at: [0x0000000000000000-0x0000000000000000-0x0000000000000000), size 0, SharedBaseAddress: 0x0000000800000000, ArchiveRelocationMode: 0.
Narrow klass base: 0x0000000000000000, Narrow klass shift: 0, Narrow klass range: 0x0

GC Precious Log:
<Empty>

Heap:
 garbage-first heap   total 0K, used 0K [0x0000000702400000, 0x0000000800000000)
  region size 2048K, 0 young (0K), 0 survivors (0K)

[error occurred during error reporting (printing heap information), id 0xc0000005, EXCEPTION_ACCESS_VIOLATION (0xc0000005) at pc=0x00007ffaa04c9f19]

GC Heap History (0 events):
No events

Deoptimization events (0 events):
No events

Classes unloaded (0 events):
No events

Classes redefined (0 events):
No events

Internal exceptions (0 events):
No events

VM Operations (0 events):
No events

Events (1 events):
Event: 0.006 Loaded shared library C:\Users\kiivw\.jdks\openjdk-17.0.2\bin\java.dll


Dynamic libraries:
0x00007ff6c5520000 - 0x00007ff6c552e000 	C:\Users\kiivw\.jdks\openjdk-17.0.2\bin\java.exe
0x00007ffb1ac70000 - 0x00007ffb1ae84000 	C:\WINDOWS\SYSTEM32\ntdll.dll
0x00007ffb194a0000 - 0x00007ffb19562000 	C:\WINDOWS\System32\KERNEL32.DLL
0x00007ffb18260000 - 0x00007ffb18603000 	C:\WINDOWS\System32\KERNELBASE.dll
0x00007ffb18780000 - 0x00007ffb18891000 	C:\WINDOWS\System32\ucrtbase.dll
0x00007ffb10510000 - 0x00007ffb10528000 	C:\Users\kiivw\.jdks\openjdk-17.0.2\bin\jli.dll
0x00007ffaff510000 - 0x00007ffaff52a000 	C:\Users\kiivw\.jdks\openjdk-17.0.2\bin\VCRUNTIME140.dll
0x00007ffb18e20000 - 0x00007ffb18fcb000 	C:\WINDOWS\System32\USER32.dll
0x00007ffb18110000 - 0x00007ffb18136000 	C:\WINDOWS\System32\win32u.dll
0x00007ffb03620000 - 0x00007ffb038ae000 	C:\WINDOWS\WinSxS\amd64_microsoft.windows.common-controls_6595b64144ccf1df_6.0.22621.1635_none_270f70857386168e\COMCTL32.dll
0x00007ffb1a810000 - 0x00007ffb1a839000 	C:\WINDOWS\System32\GDI32.dll
0x00007ffb1a760000 - 0x00007ffb1a807000 	C:\WINDOWS\System32\msvcrt.dll
0x00007ffb18140000 - 0x00007ffb18258000 	C:\WINDOWS\System32\gdi32full.dll
0x00007ffb188a0000 - 0x00007ffb1893a000 	C:\WINDOWS\System32\msvcp_win.dll
0x00007ffb18a70000 - 0x00007ffb18aa1000 	C:\WINDOWS\System32\IMM32.DLL
0x00007ffb11940000 - 0x00007ffb1194c000 	C:\Users\kiivw\.jdks\openjdk-17.0.2\bin\vcruntime140_1.dll
0x00007ffaf8d90000 - 0x00007ffaf8e1d000 	C:\Users\kiivw\.jdks\openjdk-17.0.2\bin\msvcp140.dll
0x00007ffa9fe00000 - 0x00007ffaa09c1000 	C:\Users\kiivw\.jdks\openjdk-17.0.2\bin\server\jvm.dll
0x00007ffb19100000 - 0x00007ffb191ae000 	C:\WINDOWS\System32\ADVAPI32.dll
0x00007ffb19290000 - 0x00007ffb19334000 	C:\WINDOWS\System32\sechost.dll
0x00007ffb19570000 - 0x00007ffb19687000 	C:\WINDOWS\System32\RPCRT4.dll
0x00007ffb18ab0000 - 0x00007ffb18ab8000 	C:\WINDOWS\System32\PSAPI.DLL
0x00007ffb04760000 - 0x00007ffb04769000 	C:\WINDOWS\SYSTEM32\WSOCK32.dll
0x00007ffb0b8e0000 - 0x00007ffb0b914000 	C:\WINDOWS\SYSTEM32\WINMM.dll
0x00007ffb12c20000 - 0x00007ffb12c2a000 	C:\WINDOWS\SYSTEM32\VERSION.dll
0x00007ffb191b0000 - 0x00007ffb19221000 	C:\WINDOWS\System32\WS2_32.dll
0x00007ffb170a0000 - 0x00007ffb170b8000 	C:\WINDOWS\SYSTEM32\kernel.appcore.dll
0x00007ffb11910000 - 0x00007ffb1191a000 	C:\Users\kiivw\.jdks\openjdk-17.0.2\bin\jimage.dll
0x00007ffb158e0000 - 0x00007ffb15b0e000 	C:\WINDOWS\SYSTEM32\DBGHELP.DLL
0x00007ffb1a840000 - 0x00007ffb1abc9000 	C:\WINDOWS\System32\combase.dll
0x00007ffb1a560000 - 0x00007ffb1a637000 	C:\WINDOWS\System32\OLEAUT32.dll
0x00007ffb123f0000 - 0x00007ffb12422000 	C:\WINDOWS\SYSTEM32\dbgcore.DLL
0x00007ffb18090000 - 0x00007ffb1810b000 	C:\WINDOWS\System32\bcryptPrimitives.dll
0x00007ffb0f2f0000 - 0x00007ffb0f2fe000 	C:\Users\kiivw\.jdks\openjdk-17.0.2\bin\instrument.dll
0x00007ffaff0f0000 - 0x00007ffaff115000 	C:\Users\kiivw\.jdks\openjdk-17.0.2\bin\java.dll

dbghelp: loaded successfully - version: 4.0.5 - missing functions: none
symbol engine: initialized successfully - sym options: 0x614 - pdb path: .;C:\Users\kiivw\.jdks\openjdk-17.0.2\bin;C:\WINDOWS\SYSTEM32;C:\WINDOWS\WinSxS\amd64_microsoft.windows.common-controls_6595b64144ccf1df_6.0.22621.1635_none_270f70857386168e;C:\Users\kiivw\.jdks\openjdk-17.0.2\bin\server

VM Arguments:
jvm_args: -javaagent:C:\Users\kiivw\AppData\Local\JetBrains\Toolbox\apps\IDEA-U\ch-0\222.4167.29\lib\idea_rt.jar=53538:C:\Users\kiivw\AppData\Local\JetBrains\Toolbox\apps\IDEA-U\ch-0\222.4167.29\bin -Dfile.encoding=UTF-8 --module-path=C:\Users\kiivw\.m2\repository\org\openjfx\javafx-graphics\17.0.2\javafx-graphics-17.0.2-win.jar;C:\Users\kiivw\.m2\repository\org\openjfx\javafx-fxml\17.0.2\javafx-fxml-17.0.2-win.jar;C:\Users\kiivw\.m2\repository\org\openjfx\javafx-base\17.0.2\javafx-base-17.0.2-win.jar;C:\Users\kiivw\OneDrive\Poèítaè\FIIT STU\LS_22-23\OOP\StarHike\target\classes;C:\Users\kiivw\.m2\repository\org\openjfx\javafx-controls\17.0.2\javafx-controls-17.0.2-win.jar -Djdk.module.main=com.example.starhike 
java_command: com.example.starhike/com.example.starhike.HelloApplication
java_class_path (initial): C:\aspectj1.9\lib\aspectjrt.jar;C:\aspectj1.9\lib\aspectjtools.jar;C:\aspectj1.9\lib\aspectjweaver.jar;C:\Users\kiivw\.m2\repository\org\openjfx\javafx-controls\17.0.2\javafx-controls-17.0.2.jar;C:\Users\kiivw\.m2\repository\org\openjfx\javafx-graphics\17.0.2\javafx-graphics-17.0.2.jar;C:\Users\kiivw\.m2\repository\org\openjfx\javafx-base\17.0.2\javafx-base-17.0.2.jar;C:\Users\kiivw\.m2\repository\org\openjfx\javafx-fxml\17.0.2\javafx-fxml-17.0.2.jar;C:\Users\kiivw\.m2\repository\dev\aspectj\aspectj-maven-plugin\1.13.1\aspectj-maven-plugin-1.13.1.jar;C:\Users\kiivw\.m2\repository\org\codehaus\plexus\plexus-utils\3.4.1\plexus-utils-3.4.1.jar;C:\Users\kiivw\.m2\repository\org\codehaus\plexus\plexus-cipher\2.0\plexus-cipher-2.0.jar;C:\Users\kiivw\.m2\repository\javax\inject\javax.inject\1\javax.inject-1.jar;C:\Users\kiivw\.m2\repository\org\apache\maven\reporting\maven-reporting-api\3.0\maven-reporting-api-3.0.jar;C:\Users\kiivw\.m2\repository\org\apache\maven\maven-plugin-api\3.8.3\maven-plugin-api-3.8.3.jar;C:\Users\kiivw\.m2\repository\org\apache\maven\maven-model\3.8.3\maven-model-3.8.3.jar;C:\Users\kiivw\.m2\repository\org\eclipse\sisu\org.eclipse.sisu.plexus\0.3.5\org.eclipse.sisu.plexus-0.3.5.jar;C:\Users\kiivw\.m2\repository\javax\annotation\javax.annotation-api\1.2\javax.annotation-api-1.2.jar;C:\Users\kiivw\.m2\repository\org\eclipse\sisu\org.eclipse.sisu.inject\0.3.5\org.eclipse.sisu.inject-0.3.5.jar;C:\Users\kiivw\.m2\repository\org\codehaus\plexus\plexus-classworlds\2.6.0\plexus-classworlds-2.6.0.jar;C:\Users\kiivw\.m2\repository\org\apache\maven\maven-artifact\3.8.3\maven-artifact-3.8.3.jar;C:\Users\kiivw\.m2\repository\org\apache\commons\commons-lang3\3.8.1\commons-lang3-3.8.1.jar;C:\Users\kiivw\.m2\repository\org\apache\maven\doxia\doxia-sink-api\1.10\doxia-sink-api-1.10.jar;C:\Users\kiivw\.m2\repository\org\apache\maven\doxia\doxia-logging-api\1.10\doxia-logging-api-1.10.jar;C:\Users\kiivw\.m2\repository\org\apache\maven\do
Launcher Type: SUN_STANDARD

[Global flags]
     intx CICompilerCount                          = 12                                        {product} {ergonomic}
     uint ConcGCThreads                            = 3                                         {product} {ergonomic}
     uint G1ConcRefinementThreads                  = 13                                        {product} {ergonomic}
   size_t G1HeapRegionSize                         = 2097152                                   {product} {ergonomic}
    uintx GCDrainStackTargetSize                   = 64                                        {product} {ergonomic}
   size_t InitialHeapSize                          = 266338304                                 {product} {ergonomic}
   size_t MarkStackSize                            = 4194304                                   {product} {ergonomic}
   size_t MaxHeapSize                              = 4257218560                                {product} {ergonomic}
   size_t MinHeapDeltaBytes                        = 2097152                                   {product} {ergonomic}
   size_t MinHeapSize                              = 8388608                                   {product} {ergonomic}
    uintx NonNMethodCodeHeapSize                   = 7602480                                {pd product} {ergonomic}
    uintx NonProfiledCodeHeapSize                  = 122027880                              {pd product} {ergonomic}
    uintx ProfiledCodeHeapSize                     = 122027880                              {pd product} {ergonomic}
    uintx ReservedCodeCacheSize                    = 251658240                              {pd product} {ergonomic}
     bool SegmentedCodeCache                       = true                                      {product} {ergonomic}
   size_t SoftMaxHeapSize                          = 4257218560                             {manageable} {ergonomic}
     bool UseCompressedClassPointers               = true                           {product lp64_product} {ergonomic}
     bool UseCompressedOops                        = true                           {product lp64_product} {ergonomic}
     bool UseG1GC                                  = true                                      {product} {ergonomic}
     bool UseLargePagesIndividualAllocation        = false                                  {pd product} {ergonomic}

Logging:
Log output configuration:
 #0: stdout all=warning uptime,level,tags
 #1: stderr all=off uptime,level,tags

Environment Variables:
PATH=C:\Program Files (x86)\Razer Chroma SDK\bin;C:\Program Files\Razer Chroma SDK\bin;C:\Program Files (x86)\Razer\ChromaBroadcast\bin;C:\Program Files\Razer\ChromaBroadcast\bin;C:\Windows\system32;C:\Windows;C:\Windows\System32\Wbem;C:\Windows\System32\WindowsPowerShell\v1.0\;C:\Windows\System32\OpenSSH\;C:\Program Files\NVIDIA Corporation\NVIDIA NvDLISR;C:\Program Files\Git\cmd;C:\Program Files (x86)\NVIDIA Corporation\PhysX\Common;C:\Program Files\dotnet\;C:\Windows\system32\config\systemprofile\AppData\Local\Microsoft\WindowsApps;C:\Users\kiivw\AppData\Local\Microsoft\WindowsApps;C:\mingw-w64-v9.0.0\bin;C:\MinGW\bin;C:\Program Files\CMake\bin;C:\Users\kiivw\AppData\Local\JetBrains\Toolbox\scripts;C:\Program Files\PuTTY\;C:\WINDOWS\system32;C:\WINDOWS;C:\WINDOWS\System32\Wbem;C:\WINDOWS\System32\WindowsPowerShell\v1.0\;C:\WINDOWS\System32\OpenSSH\;C:\Program Files\PostgreSQL\15\bin;C:\aspectj1.9\bin;C:\Users\kiivw\OneDrive\Poèítaè\installations\fx\javafx-sdk-20.0.1\bin;C:\Users\kiivw\AppData\Local\Microsoft\WindowsApps;C:\mingw-w64-v9.0.0\bin;C:\MinGW\bin;C:\Program Files\CMake\bin;C:\Users\kiivw\AppData\Local\JetBrains\Toolbox\scripts;C:\Users\kiivw\AppData\Local\GitHubDesktop\bin;C:\Users\kiivw\AppData\Local\Microsoft\WindowsApps;C:\Users\kiivw\Downloads\php-8.2.3-Win32-vs16-x64;C:\Users\kiivw\AppData\Local\ComposerSetup\bin;C:\Users\kiivw\AppData\Roaming\Composer\vendor\bin;C:\Users\kiivw\AppData\Local\Programs\Microsoft VS Code\bin;C:\Users\kiivw\Downloads\php-8.2.3-Win32-vs16-x64\php.exe;
USERNAME=kiivw
OS=Windows_NT
PROCESSOR_IDENTIFIER=AMD64 Family 25 Model 80 Stepping 0, AuthenticAMD



---------------  S Y S T E M  ---------------

OS:
 Windows 11 , 64 bit Build 22621 (10.0.22621.1635)
OS uptime: 2 days 16:00 hours
Hyper-V role detected

CPU: total 16 (initial active 16) (16 cores per cpu, 2 threads per core) family 25 model 80 stepping 0 microcode 0x0, cx8, cmov, fxsr, ht, mmx, 3dnowpref, sse, sse2, sse3, ssse3, sse4a, sse4.1, sse4.2, popcnt, lzcnt, tsc, tscinvbit, avx, avx2, aes, erms, clmul, bmi1, bmi2, adx, sha, fma, vzeroupper, clflush, clflushopt, hv

Memory: 4k page, system-wide physical 16236M (2222M free)
TotalPageFile size 65388M (AvailPageFile size 203M)
current process WorkingSet (physical memory assigned to process): 11M, peak: 11M
current process commit charge ("private bytes"): 70M, peak: 324M

vm_info: OpenJDK 64-Bit Server VM (17.0.2+8-86) for windows-amd64 JRE (17.0.2+8-86), built on Dec  7 2021 21:49:10 by "mach5one" with MS VC++ 16.8 / 16.9 (VS2019)

END.
